2015-12-16 16:47:58,873 - Log4JLogChute initialized using file 'velocity.log'
2015-12-16 16:47:58,874 - Initializing Velocity, Calling init()...
2015-12-16 16:47:58,874 - Starting Apache Velocity v1.7 (compiled: 2010-11-19 12:14:37)
2015-12-16 16:47:58,874 - Default Properties File: org\apache\velocity\runtime\defaults\velocity.properties
2015-12-16 16:47:58,874 - Trying to use logger class org.apache.velocity.runtime.log.AvalonLogChute
2015-12-16 16:47:58,874 - Target log system for org.apache.velocity.runtime.log.AvalonLogChute is not available (java.lang.NoClassDefFoundError: org/apache/log/format/Formatter).  Falling back to next log system...
2015-12-16 16:47:58,874 - Trying to use logger class org.apache.velocity.runtime.log.Log4JLogChute
2015-12-16 16:47:58,874 - Using logger class org.apache.velocity.runtime.log.Log4JLogChute
2015-12-16 16:47:58,888 - ResourceLoader instantiated: org.apache.velocity.runtime.resource.loader.FileResourceLoader
2015-12-16 16:47:58,891 - Do unicode file recognition:  false
2015-12-16 16:47:58,891 - FileResourceLoader : adding path '.'
2015-12-16 16:47:58,928 - ResourceCache: initialized (class org.apache.velocity.runtime.resource.ResourceCacheImpl) with class java.util.Collections$SynchronizedMap cache map.
2015-12-16 16:47:58,932 - Loaded System Directive: org.apache.velocity.runtime.directive.Stop
2015-12-16 16:47:58,936 - Loaded System Directive: org.apache.velocity.runtime.directive.Define
2015-12-16 16:47:58,937 - Loaded System Directive: org.apache.velocity.runtime.directive.Break
2015-12-16 16:47:58,941 - Loaded System Directive: org.apache.velocity.runtime.directive.Evaluate
2015-12-16 16:47:58,943 - Loaded System Directive: org.apache.velocity.runtime.directive.Literal
2015-12-16 16:47:58,946 - Loaded System Directive: org.apache.velocity.runtime.directive.Macro
2015-12-16 16:47:58,950 - Loaded System Directive: org.apache.velocity.runtime.directive.Parse
2015-12-16 16:47:58,954 - Loaded System Directive: org.apache.velocity.runtime.directive.Include
2015-12-16 16:47:58,957 - Loaded System Directive: org.apache.velocity.runtime.directive.Foreach
2015-12-16 16:47:59,076 - Created '20' parsers.
2015-12-16 16:47:59,102 - Velocimacro : "velocimacro.library" is not set.  Trying default library: VM_global_library.vm
2015-12-16 16:47:59,102 - Velocimacro : Default library not found.
2015-12-16 16:47:59,103 - Velocimacro : allowInline = true : VMs can be defined inline in templates
2015-12-16 16:47:59,103 - Velocimacro : allowInlineToOverride = false : VMs defined inline may NOT replace previous VM definitions
2015-12-16 16:47:59,103 - Velocimacro : allowInlineLocal = false : VMs defined inline will be global in scope if allowed.
2015-12-16 16:47:59,103 - Velocimacro : autoload off : VM system will not automatically reload global library macros
2015-12-16 16:47:59,163 - Velocimacro : added VM modelAttributes: source=src/main/resources/templates/template1.vm
2015-12-16 16:47:59,163 - ResourceManager : found src/main/resources/templates/template1.vm with loader org.apache.velocity.runtime.resource.loader.FileResourceLoader
2015-12-16 16:47:59,208 - Right side of '>=' operation is not a valid Number at src/main/resources/templates/template1.vm[line 20, column 31]
2015-12-16 16:49:30,853 - Log4JLogChute initialized using file 'velocity.log'
2015-12-16 16:49:30,854 - Initializing Velocity, Calling init()...
2015-12-16 16:49:30,854 - Starting Apache Velocity v1.7 (compiled: 2010-11-19 12:14:37)
2015-12-16 16:49:30,854 - Default Properties File: org\apache\velocity\runtime\defaults\velocity.properties
2015-12-16 16:49:30,854 - Trying to use logger class org.apache.velocity.runtime.log.AvalonLogChute
2015-12-16 16:49:30,854 - Target log system for org.apache.velocity.runtime.log.AvalonLogChute is not available (java.lang.NoClassDefFoundError: org/apache/log/format/Formatter).  Falling back to next log system...
2015-12-16 16:49:30,854 - Trying to use logger class org.apache.velocity.runtime.log.Log4JLogChute
2015-12-16 16:49:30,854 - Using logger class org.apache.velocity.runtime.log.Log4JLogChute
2015-12-16 16:49:30,869 - ResourceLoader instantiated: org.apache.velocity.runtime.resource.loader.FileResourceLoader
2015-12-16 16:49:30,872 - Do unicode file recognition:  false
2015-12-16 16:49:30,872 - FileResourceLoader : adding path '.'
2015-12-16 16:49:30,912 - ResourceCache: initialized (class org.apache.velocity.runtime.resource.ResourceCacheImpl) with class java.util.Collections$SynchronizedMap cache map.
2015-12-16 16:49:30,915 - Loaded System Directive: org.apache.velocity.runtime.directive.Stop
2015-12-16 16:49:30,919 - Loaded System Directive: org.apache.velocity.runtime.directive.Define
2015-12-16 16:49:30,922 - Loaded System Directive: org.apache.velocity.runtime.directive.Break
2015-12-16 16:49:30,925 - Loaded System Directive: org.apache.velocity.runtime.directive.Evaluate
2015-12-16 16:49:30,927 - Loaded System Directive: org.apache.velocity.runtime.directive.Literal
2015-12-16 16:49:30,930 - Loaded System Directive: org.apache.velocity.runtime.directive.Macro
2015-12-16 16:49:30,934 - Loaded System Directive: org.apache.velocity.runtime.directive.Parse
2015-12-16 16:49:30,938 - Loaded System Directive: org.apache.velocity.runtime.directive.Include
2015-12-16 16:49:30,941 - Loaded System Directive: org.apache.velocity.runtime.directive.Foreach
2015-12-16 16:49:31,055 - Created '20' parsers.
2015-12-16 16:49:31,080 - Velocimacro : "velocimacro.library" is not set.  Trying default library: VM_global_library.vm
2015-12-16 16:49:31,081 - Velocimacro : Default library not found.
2015-12-16 16:49:31,081 - Velocimacro : allowInline = true : VMs can be defined inline in templates
2015-12-16 16:49:31,081 - Velocimacro : allowInlineToOverride = false : VMs defined inline may NOT replace previous VM definitions
2015-12-16 16:49:31,081 - Velocimacro : allowInlineLocal = false : VMs defined inline will be global in scope if allowed.
2015-12-16 16:49:31,081 - Velocimacro : autoload off : VM system will not automatically reload global library macros
2015-12-16 16:49:31,142 - Velocimacro : added VM modelAttributes: source=src/main/resources/templates/template1.vm
2015-12-16 16:49:31,142 - ResourceManager : found src/main/resources/templates/template1.vm with loader org.apache.velocity.runtime.resource.loader.FileResourceLoader
2015-12-16 16:49:31,216 - RHS of #set statement is null. Context will not be modified. src/main/resources/templates/template1.vm[line 12, column 1]
2015-12-16 16:49:31,222 - Right side ($attributeLength) of '<' operation has null value at src/main/resources/templates/template1.vm[line 20, column 31]
2015-12-16 16:49:31,222 - Null reference [template 'src/main/resources/templates/template1.vm', line 22, column 9] : $attributeLength cannot be resolved.
2015-12-16 16:54:19,126 - Log4JLogChute initialized using file 'velocity.log'
2015-12-16 16:54:19,126 - Initializing Velocity, Calling init()...
2015-12-16 16:54:19,126 - Starting Apache Velocity v1.7 (compiled: 2010-11-19 12:14:37)
2015-12-16 16:54:19,126 - Default Properties File: org\apache\velocity\runtime\defaults\velocity.properties
2015-12-16 16:54:19,126 - Trying to use logger class org.apache.velocity.runtime.log.AvalonLogChute
2015-12-16 16:54:19,126 - Target log system for org.apache.velocity.runtime.log.AvalonLogChute is not available (java.lang.NoClassDefFoundError: org/apache/log/format/Formatter).  Falling back to next log system...
2015-12-16 16:54:19,126 - Trying to use logger class org.apache.velocity.runtime.log.Log4JLogChute
2015-12-16 16:54:19,126 - Using logger class org.apache.velocity.runtime.log.Log4JLogChute
2015-12-16 16:54:19,141 - ResourceLoader instantiated: org.apache.velocity.runtime.resource.loader.FileResourceLoader
2015-12-16 16:54:19,143 - Do unicode file recognition:  false
2015-12-16 16:54:19,144 - FileResourceLoader : adding path '.'
2015-12-16 16:54:19,181 - ResourceCache: initialized (class org.apache.velocity.runtime.resource.ResourceCacheImpl) with class java.util.Collections$SynchronizedMap cache map.
2015-12-16 16:54:19,185 - Loaded System Directive: org.apache.velocity.runtime.directive.Stop
2015-12-16 16:54:19,189 - Loaded System Directive: org.apache.velocity.runtime.directive.Define
2015-12-16 16:54:19,190 - Loaded System Directive: org.apache.velocity.runtime.directive.Break
2015-12-16 16:54:19,193 - Loaded System Directive: org.apache.velocity.runtime.directive.Evaluate
2015-12-16 16:54:19,194 - Loaded System Directive: org.apache.velocity.runtime.directive.Literal
2015-12-16 16:54:19,197 - Loaded System Directive: org.apache.velocity.runtime.directive.Macro
2015-12-16 16:54:19,201 - Loaded System Directive: org.apache.velocity.runtime.directive.Parse
2015-12-16 16:54:19,205 - Loaded System Directive: org.apache.velocity.runtime.directive.Include
2015-12-16 16:54:19,208 - Loaded System Directive: org.apache.velocity.runtime.directive.Foreach
2015-12-16 16:54:19,312 - Created '20' parsers.
2015-12-16 16:54:19,330 - Velocimacro : "velocimacro.library" is not set.  Trying default library: VM_global_library.vm
2015-12-16 16:54:19,330 - Velocimacro : Default library not found.
2015-12-16 16:54:19,330 - Velocimacro : allowInline = true : VMs can be defined inline in templates
2015-12-16 16:54:19,330 - Velocimacro : allowInlineToOverride = false : VMs defined inline may NOT replace previous VM definitions
2015-12-16 16:54:19,330 - Velocimacro : allowInlineLocal = false : VMs defined inline will be global in scope if allowed.
2015-12-16 16:54:19,331 - Velocimacro : autoload off : VM system will not automatically reload global library macros
2015-12-16 16:54:19,387 - Velocimacro : added VM modelAttributes: source=src/main/resources/templates/template1.vm
2015-12-16 16:54:19,387 - ResourceManager : found src/main/resources/templates/template1.vm with loader org.apache.velocity.runtime.resource.loader.FileResourceLoader
2015-12-16 16:54:19,435 - RHS of #set statement is null. Context will not be modified. src/main/resources/templates/template1.vm[line 12, column 1]
2015-12-16 16:54:19,442 - Right side ($attributesLength) of '<' operation has null value at src/main/resources/templates/template1.vm[line 20, column 31]
2015-12-16 16:54:19,443 - Null reference [template 'src/main/resources/templates/template1.vm', line 22, column 9] : $attributesLength cannot be resolved.
2015-12-16 16:55:20,123 - Log4JLogChute initialized using file 'velocity.log'
2015-12-16 16:55:20,124 - Initializing Velocity, Calling init()...
2015-12-16 16:55:20,124 - Starting Apache Velocity v1.7 (compiled: 2010-11-19 12:14:37)
2015-12-16 16:55:20,124 - Default Properties File: org\apache\velocity\runtime\defaults\velocity.properties
2015-12-16 16:55:20,124 - Trying to use logger class org.apache.velocity.runtime.log.AvalonLogChute
2015-12-16 16:55:20,124 - Target log system for org.apache.velocity.runtime.log.AvalonLogChute is not available (java.lang.NoClassDefFoundError: org/apache/log/format/Formatter).  Falling back to next log system...
2015-12-16 16:55:20,124 - Trying to use logger class org.apache.velocity.runtime.log.Log4JLogChute
2015-12-16 16:55:20,124 - Using logger class org.apache.velocity.runtime.log.Log4JLogChute
2015-12-16 16:55:20,138 - ResourceLoader instantiated: org.apache.velocity.runtime.resource.loader.FileResourceLoader
2015-12-16 16:55:20,141 - Do unicode file recognition:  false
2015-12-16 16:55:20,141 - FileResourceLoader : adding path '.'
2015-12-16 16:55:20,175 - ResourceCache: initialized (class org.apache.velocity.runtime.resource.ResourceCacheImpl) with class java.util.Collections$SynchronizedMap cache map.
2015-12-16 16:55:20,179 - Loaded System Directive: org.apache.velocity.runtime.directive.Stop
2015-12-16 16:55:20,182 - Loaded System Directive: org.apache.velocity.runtime.directive.Define
2015-12-16 16:55:20,184 - Loaded System Directive: org.apache.velocity.runtime.directive.Break
2015-12-16 16:55:20,187 - Loaded System Directive: org.apache.velocity.runtime.directive.Evaluate
2015-12-16 16:55:20,189 - Loaded System Directive: org.apache.velocity.runtime.directive.Literal
2015-12-16 16:55:20,193 - Loaded System Directive: org.apache.velocity.runtime.directive.Macro
2015-12-16 16:55:20,197 - Loaded System Directive: org.apache.velocity.runtime.directive.Parse
2015-12-16 16:55:20,201 - Loaded System Directive: org.apache.velocity.runtime.directive.Include
2015-12-16 16:55:20,204 - Loaded System Directive: org.apache.velocity.runtime.directive.Foreach
2015-12-16 16:55:20,347 - Created '20' parsers.
2015-12-16 16:55:20,367 - Velocimacro : "velocimacro.library" is not set.  Trying default library: VM_global_library.vm
2015-12-16 16:55:20,367 - Velocimacro : Default library not found.
2015-12-16 16:55:20,367 - Velocimacro : allowInline = true : VMs can be defined inline in templates
2015-12-16 16:55:20,367 - Velocimacro : allowInlineToOverride = false : VMs defined inline may NOT replace previous VM definitions
2015-12-16 16:55:20,367 - Velocimacro : allowInlineLocal = false : VMs defined inline will be global in scope if allowed.
2015-12-16 16:55:20,367 - Velocimacro : autoload off : VM system will not automatically reload global library macros
2015-12-16 16:55:20,432 - Velocimacro : added VM modelAttributes: source=src/main/resources/templates/template1.vm
2015-12-16 16:55:20,432 - ResourceManager : found src/main/resources/templates/template1.vm with loader org.apache.velocity.runtime.resource.loader.FileResourceLoader
2015-12-16 16:55:20,477 - RHS of #set statement is null. Context will not be modified. src/main/resources/templates/template1.vm[line 12, column 1]
2015-12-16 16:55:20,486 - Right side ($attributesLength) of '<' operation has null value at src/main/resources/templates/template1.vm[line 20, column 31]
2015-12-16 16:55:20,486 - Null reference [template 'src/main/resources/templates/template1.vm', line 22, column 9] : $attributesSize cannot be resolved.
2015-12-16 16:55:40,899 - Log4JLogChute initialized using file 'velocity.log'
2015-12-16 16:55:40,899 - Initializing Velocity, Calling init()...
2015-12-16 16:55:40,900 - Starting Apache Velocity v1.7 (compiled: 2010-11-19 12:14:37)
2015-12-16 16:55:40,900 - Default Properties File: org\apache\velocity\runtime\defaults\velocity.properties
2015-12-16 16:55:40,900 - Trying to use logger class org.apache.velocity.runtime.log.AvalonLogChute
2015-12-16 16:55:40,900 - Target log system for org.apache.velocity.runtime.log.AvalonLogChute is not available (java.lang.NoClassDefFoundError: org/apache/log/format/Formatter).  Falling back to next log system...
2015-12-16 16:55:40,900 - Trying to use logger class org.apache.velocity.runtime.log.Log4JLogChute
2015-12-16 16:55:40,900 - Using logger class org.apache.velocity.runtime.log.Log4JLogChute
2015-12-16 16:55:40,916 - ResourceLoader instantiated: org.apache.velocity.runtime.resource.loader.FileResourceLoader
2015-12-16 16:55:40,919 - Do unicode file recognition:  false
2015-12-16 16:55:40,919 - FileResourceLoader : adding path '.'
2015-12-16 16:55:40,959 - ResourceCache: initialized (class org.apache.velocity.runtime.resource.ResourceCacheImpl) with class java.util.Collections$SynchronizedMap cache map.
2015-12-16 16:55:40,963 - Loaded System Directive: org.apache.velocity.runtime.directive.Stop
2015-12-16 16:55:40,967 - Loaded System Directive: org.apache.velocity.runtime.directive.Define
2015-12-16 16:55:40,969 - Loaded System Directive: org.apache.velocity.runtime.directive.Break
2015-12-16 16:55:40,971 - Loaded System Directive: org.apache.velocity.runtime.directive.Evaluate
2015-12-16 16:55:40,973 - Loaded System Directive: org.apache.velocity.runtime.directive.Literal
2015-12-16 16:55:40,976 - Loaded System Directive: org.apache.velocity.runtime.directive.Macro
2015-12-16 16:55:40,980 - Loaded System Directive: org.apache.velocity.runtime.directive.Parse
2015-12-16 16:55:40,983 - Loaded System Directive: org.apache.velocity.runtime.directive.Include
2015-12-16 16:55:40,987 - Loaded System Directive: org.apache.velocity.runtime.directive.Foreach
2015-12-16 16:55:41,110 - Created '20' parsers.
2015-12-16 16:55:41,128 - Velocimacro : "velocimacro.library" is not set.  Trying default library: VM_global_library.vm
2015-12-16 16:55:41,129 - Velocimacro : Default library not found.
2015-12-16 16:55:41,129 - Velocimacro : allowInline = true : VMs can be defined inline in templates
2015-12-16 16:55:41,129 - Velocimacro : allowInlineToOverride = false : VMs defined inline may NOT replace previous VM definitions
2015-12-16 16:55:41,129 - Velocimacro : allowInlineLocal = false : VMs defined inline will be global in scope if allowed.
2015-12-16 16:55:41,129 - Velocimacro : autoload off : VM system will not automatically reload global library macros
2015-12-16 16:55:41,183 - Velocimacro : added VM modelAttributes: source=src/main/resources/templates/template1.vm
2015-12-16 16:55:41,183 - ResourceManager : found src/main/resources/templates/template1.vm with loader org.apache.velocity.runtime.resource.loader.FileResourceLoader
2015-12-16 16:55:41,225 - Right side ($attributesLength) of '<' operation has null value at src/main/resources/templates/template1.vm[line 20, column 31]
2015-12-16 16:56:47,470 - Log4JLogChute initialized using file 'velocity.log'
2015-12-16 16:56:47,471 - Initializing Velocity, Calling init()...
2015-12-16 16:56:47,471 - Starting Apache Velocity v1.7 (compiled: 2010-11-19 12:14:37)
2015-12-16 16:56:47,471 - Default Properties File: org\apache\velocity\runtime\defaults\velocity.properties
2015-12-16 16:56:47,471 - Trying to use logger class org.apache.velocity.runtime.log.AvalonLogChute
2015-12-16 16:56:47,471 - Target log system for org.apache.velocity.runtime.log.AvalonLogChute is not available (java.lang.NoClassDefFoundError: org/apache/log/format/Formatter).  Falling back to next log system...
2015-12-16 16:56:47,471 - Trying to use logger class org.apache.velocity.runtime.log.Log4JLogChute
2015-12-16 16:56:47,471 - Using logger class org.apache.velocity.runtime.log.Log4JLogChute
2015-12-16 16:56:47,488 - ResourceLoader instantiated: org.apache.velocity.runtime.resource.loader.FileResourceLoader
2015-12-16 16:56:47,493 - Do unicode file recognition:  false
2015-12-16 16:56:47,493 - FileResourceLoader : adding path '.'
2015-12-16 16:56:47,530 - ResourceCache: initialized (class org.apache.velocity.runtime.resource.ResourceCacheImpl) with class java.util.Collections$SynchronizedMap cache map.
2015-12-16 16:56:47,533 - Loaded System Directive: org.apache.velocity.runtime.directive.Stop
2015-12-16 16:56:47,536 - Loaded System Directive: org.apache.velocity.runtime.directive.Define
2015-12-16 16:56:47,538 - Loaded System Directive: org.apache.velocity.runtime.directive.Break
2015-12-16 16:56:47,540 - Loaded System Directive: org.apache.velocity.runtime.directive.Evaluate
2015-12-16 16:56:47,542 - Loaded System Directive: org.apache.velocity.runtime.directive.Literal
2015-12-16 16:56:47,545 - Loaded System Directive: org.apache.velocity.runtime.directive.Macro
2015-12-16 16:56:47,549 - Loaded System Directive: org.apache.velocity.runtime.directive.Parse
2015-12-16 16:56:47,552 - Loaded System Directive: org.apache.velocity.runtime.directive.Include
2015-12-16 16:56:47,555 - Loaded System Directive: org.apache.velocity.runtime.directive.Foreach
2015-12-16 16:56:47,665 - Created '20' parsers.
2015-12-16 16:56:47,683 - Velocimacro : "velocimacro.library" is not set.  Trying default library: VM_global_library.vm
2015-12-16 16:56:47,684 - Velocimacro : Default library not found.
2015-12-16 16:56:47,684 - Velocimacro : allowInline = true : VMs can be defined inline in templates
2015-12-16 16:56:47,684 - Velocimacro : allowInlineToOverride = false : VMs defined inline may NOT replace previous VM definitions
2015-12-16 16:56:47,684 - Velocimacro : allowInlineLocal = false : VMs defined inline will be global in scope if allowed.
2015-12-16 16:56:47,684 - Velocimacro : autoload off : VM system will not automatically reload global library macros
2015-12-16 16:56:47,748 - Velocimacro : added VM modelAttributes: source=src/main/resources/templates/template1.vm
2015-12-16 16:56:47,748 - ResourceManager : found src/main/resources/templates/template1.vm with loader org.apache.velocity.runtime.resource.loader.FileResourceLoader
2015-12-16 16:56:47,810 - Right side ($attributesLength) of '<' operation has null value at src/main/resources/templates/template1.vm[line 20, column 31]
